20:29:53 │ INFO     │ ════════════════════════════════════════════════════════════
20:29:53 │ INFO     │   DRIVER DROWSINESS DETECTION SYSTEM v2.0  —  STARTING
20:29:53 │ INFO     │   Audio backend : winsound
20:29:53 │ INFO     │   Arduino       : enabled
20:29:53 │ INFO     │   EAR threshold : 0.25  |  MAR: 0.5
20:29:53 │ INFO     │   Camera        : requested index=0  backend=auto
20:29:53 │ INFO     │   Camera mode   : 1920x1080 @ 30 FPS
20:29:53 │ INFO     │   Process every : 2 frame(s)  |  process width=640
20:29:53 │ INFO     │   Alert delays  : eyes=2.0s  yawn=1.1s
20:29:53 │ INFO     │ ════════════════════════════════════════════════════════════
20:29:53 │ DEBUG    │ Arduino unavailable — software-only mode. COM5: could not open port 'COM5': FileNotFoundError(2, 'The system cannot find the file specified.', None, 2)
20:29:54 │ INFO     │ Camera opened on index 0 using backend: dshow
20:29:55 │ INFO     │ Camera stream configured at 1920x1080 @ 30.0 FPS
20:29:55 │ INFO     │ Webcam opened on index 0 with dshow. Press Q to quit.
20:29:59 │ INFO     │ User pressed Q — shutting down.
20:29:59 │ INFO     │ ──────────────────────────────────────────────────
20:29:59 │ INFO     │   SESSION REPORT
20:29:59 │ INFO     │   Duration      : 0m 6s
20:29:59 │ INFO     │   Total frames  : 167
20:29:59 │ INFO     │   Avg EAR       : 0.2914
20:29:59 │ INFO     │   Total blinks  : 0
20:29:59 │ INFO     │   Nods detected : 0
20:29:59 │ INFO     │   Alerts        : 0
20:29:59 │ INFO     │   Screenshots   : 0
20:29:59 │ INFO     │   Log saved     : c:\Users\meena\SLEEP DROUSING PROJECT\drowsiness_logs\session_20260407_202953.log
20:29:59 │ INFO     │ ──────────────────────────────────────────────────
20:29:59 │ INFO     │   JSON report   : c:\Users\meena\SLEEP DROUSING PROJECT\drowsiness_logs\report_20260407_202953.json
20:29:59 │ INFO     │ Goodbye! Drive safe.
